<?xml version="1.0" encoding="UTF-8"?>
<!-- Generated by org.testng.reporters.JUnitReportReporter -->
<testsuite hostname="DESKTOP-SBE2UEF" failures="0" tests="2" name="cucumberopton.runner" time="23.123" errors="0" timestamp="2024-02-09T16:08:01 IST" skipped="0">
  <testcase classname="cucumberopton.runner" name="runScenario" time="13.268"/>
  <system-out/>
  <testcase classname="cucumberopton.runner" name="runScenario" time="9.855"/>
  <system-out/>
</testsuite> <!-- cucumberopton.runner -->
